[29-Dec-2024 14:36:00 Europe/Berlin] PHP Warning:  require(./vendor/autoload.php): Failed to open stream: No such file or directory in C:\xampp\php\CyberSecurity\reg_otp\resend_otp.php on line 9
[29-Dec-2024 14:36:00 Europe/Berlin] PHP Fatal error:  Uncaught Error: Failed opening required './vendor/autoload.php' (include_path='C:\xampp\php\PEAR') in C:\xampp\php\CyberSecurity\reg_otp\resend_otp.php:9
Stack trace:
#0 {main}
  thrown in C:\xampp\php\CyberSecurity\reg_otp\resend_otp.php on line 9
[29-Dec-2024 14:38:20 Europe/Berlin] PHP Warning:  require(./vendor/autoload.php): Failed to open stream: No such file or directory in C:\xampp\php\CyberSecurity\reg_otp\resend_otp.php on line 9
[29-Dec-2024 14:38:20 Europe/Berlin] PHP Fatal error:  Uncaught Error: Failed opening required './vendor/autoload.php' (include_path='C:\xampp\php\PEAR') in C:\xampp\php\CyberSecurity\reg_otp\resend_otp.php:9
Stack trace:
#0 {main}
  thrown in C:\xampp\php\CyberSecurity\reg_otp\resend_otp.php on line 9
[29-Dec-2024 14:38:57 Europe/Berlin] PHP Warning:  require(./vendor/autoload.php): Failed to open stream: No such file or directory in C:\xampp\php\CyberSecurity\reg_otp\resend_otp.php on line 9
[29-Dec-2024 14:38:57 Europe/Berlin] PHP Fatal error:  Uncaught Error: Failed opening required './vendor/autoload.php' (include_path='C:\xampp\php\PEAR') in C:\xampp\php\CyberSecurity\reg_otp\resend_otp.php:9
Stack trace:
#0 {main}
  thrown in C:\xampp\php\CyberSecurity\reg_otp\resend_otp.php on line 9
[29-Dec-2024 14:43:03 Europe/Berlin] PHP Warning:  require(./vendor/autoload.php): Failed to open stream: No such file or directory in C:\xampp\php\CyberSecurity\reg_otp\resend_otp.php on line 14
[29-Dec-2024 14:43:03 Europe/Berlin] PHP Fatal error:  Uncaught Error: Failed opening required './vendor/autoload.php' (include_path='C:\xampp\php\PEAR') in C:\xampp\php\CyberSecurity\reg_otp\resend_otp.php:14
Stack trace:
#0 {main}
  thrown in C:\xampp\php\CyberSecurity\reg_otp\resend_otp.php on line 14
